<?xml version="1.0" encoding="UTF-8"?>
<!-- Generated by org.testng.reporters.JUnitXMLReporter -->
<testsuite hostname="Lokeshs-Air" ignored="0" name="Default test" tests="7" failures="0" timestamp="20 Jun 2019 09:58:50 GMT" time="5.395" errors="0">
  <testcase name="addBooks" time="3.051" classname="udemy.practice.DataDrivenLibraryAPITest"/>
  <testcase name="addBooks" time="0.768" classname="udemy.practice.DataDrivenLibraryAPITest"/>
  <testcase name="addBooks" time="0.459" classname="udemy.practice.DataDrivenLibraryAPITest"/>
  <testcase name="deleteBooks" time="0.316" classname="udemy.practice.DataDrivenLibraryAPITest"/>
  <testcase name="deleteBooks" time="0.409" classname="udemy.practice.DataDrivenLibraryAPITest"/>
  <testcase name="deleteBooks" time="0.323" classname="udemy.practice.DataDrivenLibraryAPITest"/>
  <testcase name="testLog4J" time="0.027" classname="udemy.practice.DataDrivenLibraryAPITest"/>
</testsuite> <!-- Default test -->
