<?xml version="1.0" encoding="UTF-8"?>
<!-- Generated by org.testng.reporters.JUnitXMLReporter -->
<testsuite hostname="Lokeshs-Air" ignored="0" name="Default test" tests="3" failures="0" timestamp="13 Jun 2019 17:07:53 GMT" time="25.546" errors="0">
  <testcase name="createJiraBug" time="1.33" classname="udemy.practice.JiraBugCreateTest"/>
  <testcase name="addCommentToBug" time="0.279" classname="udemy.practice.JiraBugCreateTest"/>
  <testcase name="deleteBug" time="20.168" classname="udemy.practice.JiraBugCreateTest"/>
</testsuite> <!-- Default test -->
