<?xml version="1.0" encoding="UTF-8"?>
<testng-results skipped="0" failed="0" ignored="0" total="1" passed="1">
  <reporter-output>
  </reporter-output>
  <suite name="Default suite" duration-ms="2874" started-at="2019-06-26T12:38:29Z" finished-at="2019-06-26T12:38:32Z">
    <groups>
    </groups>
    <test name="Default test" duration-ms="2874" started-at="2019-06-26T12:38:29Z" finished-at="2019-06-26T12:38:32Z">
      <class name="udemy.practice.ConvertJsonToStringTest">
        <test-method status="PASS" signature="addBookFromHashMap()[pri:0, instance:udemy.practice.ConvertJsonToStringTest@42d80b78]" name="addBookFromHashMap" duration-ms="2849" started-at="2019-06-26T18:08:29Z" finished-at="2019-06-26T18:08:32Z">
          <reporter-output>
          </reporter-output>
        </test-method> <!-- addBookFromHashMap -->
      </class> <!-- udemy.practice.ConvertJsonToStringTest -->
    </test> <!-- Default test -->
  </suite> <!-- Default suite -->
</testng-results>
